Options:{
  "notionToken": "secret_uTJ...",
  "rootId": "c974ccd9c70c4abd8a5bd4f5a294e5dd",
  "rootObjectType": "database",
  "markdownOutputPath": "./content",
  "cache": {
    "cacheDirectory": "./.downloader",
    "cleanCache": false,
    "cacheStrategy": "cache"
  },
  "revalidatePeriod": -1,
  "logLevel": "info",
  "cwd": "/home/fran/code/notion-download-md",
  "skipConversion": false,
  "statusTag": "Publish",
  "imgPrefixInMarkdown": "/assets",
  "imgOutputPath": "public/assets/",
  "imageFileNameFormat": "default",
  "overwrite": false,
  "titleProperty": "title",
  "slugProperty": "slug",
  "rootDbAsFolder": true,
  "locales": [],
  "layoutStrategy": "HierarchicalNamedLayoutStrategy",
  "namingStrategy": "github-slug",
  "pageLinkHasExtension": false
}
Connecting to Notion...
[CLIENT]: (RETRIEVE) (database) : c974ccd9-c70c-4abd-8a5b-d4f5a294e5dd
└─[CACHE]: (MISS_NO_EXISTS) (database) : c974ccd9-c70c-4abd-8a5b-d4f5a294e5dd
└─[NOTION]: (RETRIEVE) (database) : c974ccd9-c70c-4abd-8a5b-d4f5a294e5dd
└─[CACHE]: (SET_NEW) (database) : c974ccd9-c70c-4abd-8a5b-d4f5a294e5dd
Stage 1: walk children of the page named 'Outline', looking for pages...
[WALKER]: (RETRIEVE) (database) : c974ccd9-c70c-4abd-8a5b-d4f5a294e5dd
└─[CLIENT]: (RETRIEVE) (database) : c974ccd9-c70c-4abd-8a5b-d4f5a294e5dd
  └─[CACHE]: (MISS_NEEDS_UPDATE) (database) : c974ccd9-c70c-4abd-8a5b-d4f5a294e5dd
  └─[NOTION]: (RETRIEVE) (database) : c974ccd9-c70c-4abd-8a5b-d4f5a294e5dd
  └─[CACHE]: (SET_NO_CHANGE) (database) : c974ccd9-c70c-4abd-8a5b-d4f5a294e5dd
[WALKER]: (RETRIEVE) (database_children) : c974ccd9-c70c-4abd-8a5b-d4f5a294e5dd
└─[CLIENT]: (RETRIEVE) (database_children) : c974ccd9-c70c-4abd-8a5b-d4f5a294e5dd
  └─[CACHE]: (MISS_NEEDS_UPDATE) (database_children) : c974ccd9-c70c-4abd-8a5b-d4f5a294e5dd
  └─[NOTION]: (RETRIEVE) (database_children) : c974ccd9-c70c-4abd-8a5b-d4f5a294e5dd
  └─[CACHE]: (SET_NO_CHANGE) (database_children) : c974ccd9-c70c-4abd-8a5b-d4f5a294e5dd
    └─[CACHE]: (SET_NO_CHANGE) (database) : bbad12b6-7bcf-4390-bb50-3b177f17a9f1
    └─[CACHE]: (SET_NO_CHANGE) (database) : 2eae1488-3b02-4a1a-9929-02f3130ee537
└─[WALKER]: (RETRIEVE) (database) : bbad12b6-7bcf-4390-bb50-3b177f17a9f1
  └─[CLIENT]: (RETRIEVE) (database) : bbad12b6-7bcf-4390-bb50-3b177f17a9f1
    └─[CACHE]: (HIT) (database) : bbad12b6-7bcf-4390-bb50-3b177f17a9f1
└─[WALKER]: (RETRIEVE) (database_children) : bbad12b6-7bcf-4390-bb50-3b177f17a9f1
  └─[CLIENT]: (RETRIEVE) (database_children) : bbad12b6-7bcf-4390-bb50-3b177f17a9f1
    └─[CACHE]: (MISS_NEEDS_UPDATE) (database_children) : bbad12b6-7bcf-4390-bb50-3b177f17a9f1
    └─[NOTION]: (RETRIEVE) (database_children) : bbad12b6-7bcf-4390-bb50-3b177f17a9f1
    └─[CACHE]: (SET_NO_CHANGE) (database_children) : bbad12b6-7bcf-4390-bb50-3b177f17a9f1
      └─[CACHE]: (SET_NO_CHANGE) (page) : b2a0a054-213c-4205-90c4-161fd57768a6
        └─[CACHE]: (SET_NO_CHANGE) (block_children) : b2a0a054-213c-4205-90c4-161fd57768a6
          └─[CACHE]: (SET_NO_CHANGE) (block) : eae317a8-1935-40eb-92ac-180e337a8166
          └─[CACHE]: (SET_NO_CHANGE) (block) : fff04714-9aef-80e4-b6c2-c1e6261f3485
          └─[CACHE]: (SET_NO_CHANGE) (block) : 9fe66557-3d9f-45db-b4eb-e837f615c89a
          └─[CACHE]: (SET_NO_CHANGE) (block) : 7cc53881-c45c-429b-a4bc-29b2f4290a3e
      └─[CACHE]: (SET_NO_CHANGE) (page) : efa8d9de-c3bf-420d-8e1d-f8238df144d2
        └─[CACHE]: (SET_NO_CHANGE) (block_children) : efa8d9de-c3bf-420d-8e1d-f8238df144d2
          └─[CACHE]: (SET_NO_CHANGE) (block) : 769746af-0705-4d67-b0bc-d82209774bcd
          └─[CACHE]: (SET_NO_CHANGE) (block) : a9c2abd5-6892-4e11-839d-25914b870d68
          └─[CACHE]: (SET_NO_CHANGE) (block) : 01f69d12-dc3f-4bb3-b108-b895b604b65c
          └─[CACHE]: (SET_NO_CHANGE) (block) : 98368629-6fe7-4c7b-9340-51d7ac706a39
          └─[CACHE]: (SET_NO_CHANGE) (block) : 8d116c99-c86d-400e-8822-7e26dfabb4c5
          └─[CACHE]: (SET_NO_CHANGE) (block) : 68d0fa76-f914-49fe-b682-e3065cf9959d
            └─[CACHE]: (SET_NO_CHANGE) (block_children) : 68d0fa76-f914-49fe-b682-e3065cf9959d
              └─[CACHE]: (SET_NO_CHANGE) (block) : 8884557e-750f-467d-ac66-5bbce59fbf9d
              └─[CACHE]: (SET_NO_CHANGE) (block) : f148583c-5918-4b0e-9831-ab0dda50e5c9
              └─[CACHE]: (SET_NO_CHANGE) (block) : a2a19253-d86d-40c1-a830-86cc16f4fbda
              └─[CACHE]: (SET_NO_CHANGE) (block) : 5d83a4d6-85ce-4e97-b0cf-898c338b1e38
              └─[CACHE]: (SET_NO_CHANGE) (block) : 15881995-cb72-447c-a1ee-30ee31fa5ac9
              └─[CACHE]: (SET_NO_CHANGE) (block) : bc6acee8-ac70-4aba-9a75-7f8400dc202a
              └─[CACHE]: (SET_NO_CHANGE) (block) : 41b2fdd1-8135-4fe4-8e33-529647905fea
              └─[CACHE]: (SET_NO_CHANGE) (block) : 12a376eb-c0cc-4e1c-b43b-9725564758a9
              └─[CACHE]: (SET_NO_CHANGE) (block) : 477739bc-c5b5-4a46-ad4d-369dcecaac28
          └─[CACHE]: (SET_NO_CHANGE) (block) : 47198fe6-117c-4168-bb2b-86e405b36616
          └─[CACHE]: (SET_NO_CHANGE) (block) : 948e00fc-e5c7-4d7f-a954-dbd25355eea1
          └─[CACHE]: (SET_NO_CHANGE) (block) : aad09927-1379-4078-8427-140eb23d1538
          └─[CACHE]: (SET_NO_CHANGE) (block) : d1bd4034-452f-4d1f-b77f-f1c1f53445ac
          └─[CACHE]: (SET_NO_CHANGE) (block) : f658ea79-efe4-41a4-a074-f283e3a875c1
          └─[CACHE]: (SET_NO_CHANGE) (block) : 80bae7a2-a2e9-433e-be6e-3822702545f5
          └─[CACHE]: (SET_NO_CHANGE) (block) : fa5c0136-d474-44ad-b286-914f5c9344a7
          └─[CACHE]: (SET_NO_CHANGE) (block) : f3090c14-89fb-4c66-a6a3-27cede22ae3c
          └─[CACHE]: (SET_NO_CHANGE) (block) : 5798ed3e-6bff-4d32-944f-240c045722f0
          └─[CACHE]: (SET_NO_CHANGE) (block) : 480b50d8-98b3-4d3f-b212-b6595f3e69fd
          └─[CACHE]: (SET_NO_CHANGE) (block) : 85cc4b2d-f0bd-460d-a79b-41eb5b0c7c19
          └─[CACHE]: (SET_NO_CHANGE) (block) : ed428c83-acae-496c-bb83-44770a4c34a5
          └─[CACHE]: (SET_NO_CHANGE) (block) : b32ca83e-b53c-4849-a42f-9248cc97ca0e
          └─[CACHE]: (SET_NO_CHANGE) (block) : 13cce598-a34e-48df-9146-a86cc7b790b1
          └─[CACHE]: (SET_NO_CHANGE) (block) : 8e55b51e-549f-480a-8552-1b2ab14f0c08
          └─[CACHE]: (SET_NO_CHANGE) (block) : b6d2c4e7-bda8-45c0-a4ee-ff89d0b5bdae
      └─[CACHE]: (SET_NO_CHANGE) (page) : 57701aab-8b5c-4798-9e6d-5b3f9603520b
        └─[CACHE]: (SET_NO_CHANGE) (block_children) : 57701aab-8b5c-4798-9e6d-5b3f9603520b
          └─[CACHE]: (SET_NO_CHANGE) (block) : e105348c-46b1-42d3-ad91-f6bf2523c17d
          └─[CACHE]: (SET_NO_CHANGE) (block) : af007c70-262f-4ea4-bea2-2a4d0278a58f
          └─[CACHE]: (SET_NO_CHANGE) (block) : ced27ec7-b9cd-4bb9-8e1a-54d821485425
          └─[CACHE]: (SET_NO_CHANGE) (block) : befcd9c7-13f0-4df4-9eda-8606a50a7ada
          └─[CACHE]: (SET_NO_CHANGE) (block) : 5d278d3d-6b21-428b-a726-831e582fff11
          └─[CACHE]: (SET_NO_CHANGE) (block) : e4d1e668-410b-4dae-94c8-32f8ebf69022
          └─[CACHE]: (SET_NO_CHANGE) (block) : 2962d09d-f435-4363-984c-613049a6a90d
          └─[CACHE]: (SET_NO_CHANGE) (block) : 07579cea-0ee0-4e3d-81d6-b2a69a383ea4
          └─[CACHE]: (SET_NO_CHANGE) (block) : 6d1c18d9-d4cf-4712-901d-98bd314c09d9
          └─[CACHE]: (SET_NO_CHANGE) (block) : 4089f5c3-9a7b-497a-b09c-8827baffbbed
          └─[CACHE]: (SET_NO_CHANGE) (block) : d8b2990d-253c-4f31-9194-047822b5d8b3
          └─[CACHE]: (SET_NO_CHANGE) (block) : ca8df197-893b-4999-b042-0302785c986d
          └─[CACHE]: (SET_NO_CHANGE) (block) : c5c639ec-7316-4b64-b746-df93e011f22e
          └─[CACHE]: (SET_NO_CHANGE) (block) : a62282d3-f43b-4d18-b08d-f1023b38f02c
          └─[CACHE]: (SET_NO_CHANGE) (block) : 0ef83b43-d50b-4232-b05d-843186324ce0
          └─[CACHE]: (SET_NO_CHANGE) (block) : d5f97b8e-9d53-4fa7-92e4-227830dc833d
          └─[CACHE]: (SET_NO_CHANGE) (block) : ccb999c7-9de5-454d-b39b-4f5f7e1c5cfe
  └─[WALKER]: (RETRIEVE) (page) : b2a0a054-213c-4205-90c4-161fd57768a6
    └─[CLIENT]: (RETRIEVE) (page) : b2a0a054-213c-4205-90c4-161fd57768a6
      └─[CACHE]: (HIT) (page) : b2a0a054-213c-4205-90c4-161fd57768a6
  └─[WALKER]: (RETRIEVE) (block_children) : b2a0a054-213c-4205-90c4-161fd57768a6
    └─[CLIENT]: (RETRIEVE) (block_children) : b2a0a054-213c-4205-90c4-161fd57768a6
      └─[CACHE]: (HIT) (block_children) : b2a0a054-213c-4205-90c4-161fd57768a6
  └─[WALKER]: (RETRIEVE) (page) : efa8d9de-c3bf-420d-8e1d-f8238df144d2
    └─[CLIENT]: (RETRIEVE) (page) : efa8d9de-c3bf-420d-8e1d-f8238df144d2
      └─[CACHE]: (HIT) (page) : efa8d9de-c3bf-420d-8e1d-f8238df144d2
  └─[WALKER]: (RETRIEVE) (block_children) : efa8d9de-c3bf-420d-8e1d-f8238df144d2
    └─[CLIENT]: (RETRIEVE) (block_children) : efa8d9de-c3bf-420d-8e1d-f8238df144d2
      └─[CACHE]: (HIT) (block_children) : efa8d9de-c3bf-420d-8e1d-f8238df144d2
    └─[WALKER]: (RETRIEVE) (block_children) : 68d0fa76-f914-49fe-b682-e3065cf9959d
      └─[CLIENT]: (RETRIEVE) (block_children) : 68d0fa76-f914-49fe-b682-e3065cf9959d
        └─[CACHE]: (HIT) (block_children) : 68d0fa76-f914-49fe-b682-e3065cf9959d
  └─[WALKER]: (RETRIEVE) (page) : 57701aab-8b5c-4798-9e6d-5b3f9603520b
    └─[CLIENT]: (RETRIEVE) (page) : 57701aab-8b5c-4798-9e6d-5b3f9603520b
      └─[CACHE]: (HIT) (page) : 57701aab-8b5c-4798-9e6d-5b3f9603520b
  └─[WALKER]: (RETRIEVE) (block_children) : 57701aab-8b5c-4798-9e6d-5b3f9603520b
    └─[CLIENT]: (RETRIEVE) (block_children) : 57701aab-8b5c-4798-9e6d-5b3f9603520b
      └─[CACHE]: (HIT) (block_children) : 57701aab-8b5c-4798-9e6d-5b3f9603520b
└─[WALKER]: (RETRIEVE) (database) : 2eae1488-3b02-4a1a-9929-02f3130ee537
  └─[CLIENT]: (RETRIEVE) (database) : 2eae1488-3b02-4a1a-9929-02f3130ee537
    └─[CACHE]: (HIT) (database) : 2eae1488-3b02-4a1a-9929-02f3130ee537
└─[WALKER]: (RETRIEVE) (database_children) : 2eae1488-3b02-4a1a-9929-02f3130ee537
  └─[CLIENT]: (RETRIEVE) (database_children) : 2eae1488-3b02-4a1a-9929-02f3130ee537
    └─[CACHE]: (MISS_NEEDS_UPDATE) (database_children) : 2eae1488-3b02-4a1a-9929-02f3130ee537
    └─[NOTION]: (RETRIEVE) (database_children) : 2eae1488-3b02-4a1a-9929-02f3130ee537
    └─[CACHE]: (SET_NO_CHANGE) (database_children) : 2eae1488-3b02-4a1a-9929-02f3130ee537
      └─[CACHE]: (SET_NO_CHANGE) (page) : c94502e0-2678-4269-baa0-036954ba5649
        └─[CACHE]: (SET_NO_CHANGE) (block_children) : c94502e0-2678-4269-baa0-036954ba5649
          └─[CACHE]: (SET_NO_CHANGE) (block) : e55d0dd9-908a-45d6-835d-daabd47d3e0e
  └─[WALKER]: (RETRIEVE) (page) : c94502e0-2678-4269-baa0-036954ba5649
    └─[CLIENT]: (RETRIEVE) (page) : c94502e0-2678-4269-baa0-036954ba5649
      └─[CACHE]: (HIT) (page) : c94502e0-2678-4269-baa0-036954ba5649
  └─[WALKER]: (RETRIEVE) (block_children) : c94502e0-2678-4269-baa0-036954ba5649
    └─[CLIENT]: (RETRIEVE) (block_children) : c94502e0-2678-4269-baa0-036954ba5649
      └─[CACHE]: (HIT) (block_children) : c94502e0-2678-4269-baa0-036954ba5649
PULL: Notion Download Completed
[CLIENT]: (RETRIEVE) (database) : c974ccd9-c70c-4abd-8a5b-d4f5a294e5dd
└─[CACHE]: (HIT) (database) : c974ccd9-c70c-4abd-8a5b-d4f5a294e5dd
[CLIENT]: (RETRIEVE) (database_children) : c974ccd9-c70c-4abd-8a5b-d4f5a294e5dd
└─[CACHE]: (HIT) (database_children) : c974ccd9-c70c-4abd-8a5b-d4f5a294e5dd
  └─[CACHE]: (HIT) (database) : bbad12b6-7bcf-4390-bb50-3b177f17a9f1
  └─[CACHE]: (HIT) (database) : 2eae1488-3b02-4a1a-9929-02f3130ee537
[CLIENT]: (RETRIEVE) (database) : bbad12b6-7bcf-4390-bb50-3b177f17a9f1
└─[CACHE]: (HIT) (database) : bbad12b6-7bcf-4390-bb50-3b177f17a9f1
[CLIENT]: (RETRIEVE) (database_children) : bbad12b6-7bcf-4390-bb50-3b177f17a9f1
└─[CACHE]: (HIT) (database_children) : bbad12b6-7bcf-4390-bb50-3b177f17a9f1
  └─[CACHE]: (HIT) (page) : b2a0a054-213c-4205-90c4-161fd57768a6
  └─[CACHE]: (HIT) (page) : efa8d9de-c3bf-420d-8e1d-f8238df144d2
  └─[CACHE]: (HIT) (page) : 57701aab-8b5c-4798-9e6d-5b3f9603520b
[CLIENT]: (RETRIEVE) (page) : b2a0a054-213c-4205-90c4-161fd57768a6
└─[CACHE]: (HIT) (page) : b2a0a054-213c-4205-90c4-161fd57768a6
[CLIENT]: (RETRIEVE) (block_children) : b2a0a054-213c-4205-90c4-161fd57768a6
└─[CACHE]: (HIT) (block_children) : b2a0a054-213c-4205-90c4-161fd57768a6
[CLIENT]: (RETRIEVE) (page) : efa8d9de-c3bf-420d-8e1d-f8238df144d2
└─[CACHE]: (HIT) (page) : efa8d9de-c3bf-420d-8e1d-f8238df144d2
[CLIENT]: (RETRIEVE) (block_children) : efa8d9de-c3bf-420d-8e1d-f8238df144d2
└─[CACHE]: (HIT) (block_children) : efa8d9de-c3bf-420d-8e1d-f8238df144d2
[CLIENT]: (RETRIEVE) (page) : 57701aab-8b5c-4798-9e6d-5b3f9603520b
└─[CACHE]: (HIT) (page) : 57701aab-8b5c-4798-9e6d-5b3f9603520b
[CLIENT]: (RETRIEVE) (block_children) : 57701aab-8b5c-4798-9e6d-5b3f9603520b
└─[CACHE]: (HIT) (block_children) : 57701aab-8b5c-4798-9e6d-5b3f9603520b
[CLIENT]: (RETRIEVE) (database) : 2eae1488-3b02-4a1a-9929-02f3130ee537
└─[CACHE]: (HIT) (database) : 2eae1488-3b02-4a1a-9929-02f3130ee537
[CLIENT]: (RETRIEVE) (database_children) : 2eae1488-3b02-4a1a-9929-02f3130ee537
└─[CACHE]: (HIT) (database_children) : 2eae1488-3b02-4a1a-9929-02f3130ee537
  └─[CACHE]: (HIT) (page) : c94502e0-2678-4269-baa0-036954ba5649
[CLIENT]: (RETRIEVE) (page) : c94502e0-2678-4269-baa0-036954ba5649
└─[CACHE]: (HIT) (page) : c94502e0-2678-4269-baa0-036954ba5649
[CLIENT]: (RETRIEVE) (block_children) : c94502e0-2678-4269-baa0-036954ba5649
└─[CACHE]: (HIT) (block_children) : c94502e0-2678-4269-baa0-036954ba5649
[CLIENT]: (RETRIEVE) (page) : b2a0a054-213c-4205-90c4-161fd57768a6
└─[CACHE]: (HIT) (page) : b2a0a054-213c-4205-90c4-161fd57768a6
[CLIENT]: (RETRIEVE) (page) : efa8d9de-c3bf-420d-8e1d-f8238df144d2
└─[CACHE]: (HIT) (page) : efa8d9de-c3bf-420d-8e1d-f8238df144d2
[CLIENT]: (RETRIEVE) (page) : 57701aab-8b5c-4798-9e6d-5b3f9603520b
└─[CACHE]: (HIT) (page) : 57701aab-8b5c-4798-9e6d-5b3f9603520b
[CLIENT]: (RETRIEVE) (page) : c94502e0-2678-4269-baa0-036954ba5649
└─[CACHE]: (HIT) (page) : c94502e0-2678-4269-baa0-036954ba5649
Found 4 pages
Found 0 new pages

Stage 2: convert 0 Notion pages to markdown and convertNotionLinkToLocalDocusaurusLink locally...
Finished processing 0 pages
{"output_normally":0,"skipped_because_empty":0,"skipped_because_status":2,"skipped_because_level_cannot_have_content":0,"error_because_no_slug":0}

Stage 3: clean up old files & images...

docu-notion Finished.
